#
# There is insufficient memory for the Java Runtime Environment to continue.
# Native memory allocation (malloc) failed to allocate 8248 bytes for AllocateHeap
# Possible reasons:
#   The system is out of physical RAM or swap space
#   The process is running with CompressedOops enabled, and the Java Heap may be blocking the growth of the native heap
# Possible solutions:
#   Reduce memory load on the system
#   Increase physical memory or swap space
#   Check if swap backing store is full
#   Decrease Java heap size (-Xmx/-Xms)
#   Decrease number of Java threads
#   Decrease Java thread stack sizes (-Xss)
#   Set larger code cache with -XX:ReservedCodeCacheSize=
#   JVM is running with Zero Based Compressed Oops mode in which the Java heap is
#     placed in the first 32GB address space. The Java Heap base address is the
#     maximum limit for the native heap growth. Please use -XX:HeapBaseMinAddress
#     to set the Java Heap base and to place the Java Heap above 32GB virtual address.
# This output file may be truncated or incomplete.
#
#  Out of Memory Error (./src/hotspot/share/memory/allocation.cpp:46), pid=13712, tid=12844
#
# JRE version: OpenJDK Runtime Environment (11.0.12+7) (build 11.0.12+7-b1504.28-7817840)
# Java VM: OpenJDK 64-Bit Server VM (11.0.12+7-b1504.28-7817840, mixed mode, tiered, compressed oops, g1 gc, windows-amd64)
# No core dump will be written. Minidumps are not enabled by default on client versions of Windows
#

---------------  S U M M A R Y ------------

Command Line: -Dorg.gradle.appname=gradlew org.gradle.wrapper.GradleWrapperMain -q -Ptarget-platform=android-arm64 -Ptarget=D:\FYP\fyp_flutter\lib\main.dart -Pbase-application-name=android.app.Application -Pdart-defines=Zmx1dHRlci5pbnNwZWN0b3Iuc3RydWN0dXJlZEVycm9ycz10cnVl,RkxVVFRFUl9XRUJfQVVUT19ERVRFQ1Q9dHJ1ZQ== -Pdart-obfuscation=false -Ptrack-widget-creation=true -Ptree-shake-icons=false -Pfilesystem-scheme=org-dartlang-root assembleDebug

Host: 11th Gen Intel(R) Core(TM) i7-1165G7 @ 2.80GHz, 8 cores, 11G,  Windows 10 , 64 bit Build 22621 (10.0.22621.755)
Time: Sat Dec 10 12:02:10 2022 Pakistan Standard Time elapsed time: 12.335717 seconds (0d 0h 0m 12s)

---------------  T H R E A D  ---------------

Current thread (0x000001fb8f15a800):  JavaThread "DisconnectableInputStream source reader" daemon [_thread_in_vm, id=12844, stack(0x0000008e9be00000,0x0000008e9bf00000)]

Stack: [0x0000008e9be00000,0x0000008e9bf00000]
[error occurred during error reporting (printing stack bounds), id 0xc0000005, EXCEPTION_ACCESS_VIOLATION (0xc0000005) at pc=0x000001fb800012e7]

Native frames: (J=compiled Java code, j=interpreted, Vv=VM code, C=native code)
V  [jvm.dll+0x5fbcea]
V  [jvm.dll+0x731905]
V  [jvm.dll+0x732f1d]
V  [jvm.dll+0x733535]
V  [jvm.dll+0x7334eb]
V  [jvm.dll+0x5fb080]
V  [jvm.dll+0x5fb818]
C  [ntdll.dll+0xa3eaf]
C  [ntdll.dll+0x1eae6]
C  [ntdll.dll+0xa2e9e]
C  0x000001fb800012e7


---------------  P R O C E S S  ---------------

Threads class SMR info:
_java_thread_list=0x000001fb8f269ae0, length=12, elements={
0x000001fbf009c000, 0x000001fbfda2d800, 0x000001fbfe269800, 0x000001fbfe27e800,
0x000001fbfe27f000, 0x000001fbfe282000, 0x000001fbfe285000, 0x000001fbfe2d8000,
0x000001fbfe2f2000, 0x000001fbfe44f000, 0x000001fbfede4000, 0x000001fb8f15b000
}
_to_delete_list=0x000001fb8f26a560, length=13, elements={
0x000001fbf009c000, 0x000001fbfda2d800, 0x000001fbfe269800, 0x000001fbfe27e800,
0x000001fbfe27f000, 0x000001fbfe282000, 0x000001fbfe285000, 0x000001fbfe2d8000,
0x000001fbfe2f2000, 0x000001fbfe44f000, 0x000001fbfede4000, 0x000001fb8f15a800,
0x000001fb8f15b000
}

Java Threads: ( => current thread )
  0x000001fbf009c000 JavaThread "main" [_thread_in_native, id=20844, stack(0x0000008e9a600000,0x0000008e9a700000)]
  0x000001fbfda2d800 JavaThread "Reference Handler" daemon [_thread_blocked, id=25776, stack(0x0000008e9ad00000,0x0000008e9ae00000)]
  0x000001fbfe269800 JavaThread "Finalizer" daemon [_thread_blocked, id=21200, stack(0x0000008e9ae00000,0x0000008e9af00000)]
  0x000001fbfe27e800 JavaThread "Signal Dispatcher" daemon [_thread_blocked, id=6440, stack(0x0000008e9af00000,0x0000008e9b000000)]
  0x000001fbfe27f000 JavaThread "Attach Listener" daemon [_thread_blocked, id=16056, stack(0x0000008e9b000000,0x0000008e9b100000)]
  0x000001fbfe282000 JavaThread "Service Thread" daemon [_thread_blocked, id=16416, stack(0x0000008e9b100000,0x0000008e9b200000)]
  0x000001fbfe285000 JavaThread "C2 CompilerThread0" daemon [_thread_blocked, id=19260, stack(0x0000008e9b200000,0x0000008e9b300000)]
  0x000001fbfe2d8000 JavaThread "C1 CompilerThread0" daemon [_thread_blocked, id=5760, stack(0x0000008e9b300000,0x0000008e9b400000)]
  0x000001fbfe2f2000 JavaThread "Sweeper thread" daemon [_thread_blocked, id=14896, stack(0x0000008e9b400000,0x0000008e9b500000)]
  0x000001fbfe44f000 JavaThread "Common-Cleaner" daemon [_thread_blocked, id=21356, stack(0x0000008e9b600000,0x0000008e9b700000)]
  0x000001fbfede4000 JavaThread "pool-1-thread-1" [_thread_blocked, id=23624, stack(0x0000008e9b700000,0x0000008e9b800000)]
  0x000001fb8f15b000 JavaThread "Forward input" [_thread_blocked, id=18760, stack(0x0000008e9bf00000,0x0000008e9c000000)]

Other Threads:
  0x000001fbfda2b000 VMThread "VM Thread" [stack: 0x0000008e9ac00000,0x0000008e9ad00000] [id=25428]
  0x000001fbfe43d000 WatcherThread [stack: 0x0000008e9b500000,0x0000008e9b600000] [id=22620]
  0x000001fbf00b3000 GCTaskThread "GC Thread#0" [stack: 0x0000008e9a700000,0x0000008e9a800000] [id=20796]
  0x000001fbfede2800 GCTaskThread "GC Thread#1" [stack: 0x0000008e9b800000,0x0000008e9b900000] [id=16228]
  0x000001fbfede3000 GCTaskThread "GC Thread#2" [stack: 0x0000008e9b900000,0x0000008e9ba00000] [id=16936]
  0x000001fb8f0a8800 GCTaskThread "GC Thread#3" [stack: 0x0000008e9ba00000,0x0000008e9bb00000] [id=22484]
  0x000001fbf00fb800 ConcurrentGCThread "G1 Main Marker" [stack: 0x0000008e9a800000,0x0000008e9a900000] [id=18976]
  0x000001fbf00fc800 ConcurrentGCThread "G1 Conc#0" [stack: 0x0000008e9a900000,0x0000008e9aa00000] [id=21656]
  0x000001fbfd8a1800 ConcurrentGCThread "G1 Refine#0" [stack: 0x0000008e9aa00000,0x0000008e9ab00000] [id=8644]
  0x000001fbfd8a6800 ConcurrentGCThread "G1 Young RemSet Sampling" [stack: 0x0000008e9ab00000,0x0000008e9ac00000] [id=24416]

=>0x000001fb8f15a800 (exited) JavaThread "DisconnectableInputStream source reader" daemon [_thread_in_vm, id=12844, stack(0x0000008e9be00000,0x0000008e9bf00000)]

Threads with active compile tasks:

VM state:not at safepoint (normal execution)

VM Mutex/Monitor currently owned by a thread:  ([mutex/lock_event])
[0x000001fbf0099590] Threads_lock - owner thread: 0x000001fb8f15a800

Heap address: 0x0000000743a00000, size: 3014 MB, Compressed Oops mode: Zero based, Oop shift amount: 3
Narrow klass base: 0x0000000800000000, Narrow klass shift: 0
Compressed class space size: 1073741824 Address: 0x0000000800000000

Heap:
 garbage-first heap   total 194560K, used 19824K [0x0000000743a00000, 0x0000000800000000)
  region size 1024K, 15 young (15360K), 3 survivors (3072K)
 Metaspace       used 14616K, capacity 14869K, committed 15104K, reserved 1062912K
  class space    used 1682K, capacity 1788K, committed 1792K, reserved 1048576K
Heap Regions: E=young(eden), S=young(survivor), O=old, HS=humongous(starts), HC=humongous(continues), CS=collection set, F=free, A=archive, TAMS=top-at-mark-start (previous, next)
|   0|0x0000000743a00000, 0x0000000743a00000, 0x0000000743b00000|  0%| F|  |TAMS 0x0000000743a00000, 0x0000000743a00000| Untracked 
|   1|0x0000000743b00000, 0x0000000743b00000, 0x0000000743c00000|  0%| F|  |TAMS 0x0000000743b00000, 0x0000000743b00000| Untracked 
|   2|0x0000000743c00000, 0x0000000743c00000, 0x0000000743d00000|  0%| F|  |TAMS 0x0000000743c00000, 0x0000000743c00000| Untracked 
|   3|0x0000000743d00000, 0x0000000743e00000, 0x0000000743e00000|100%|HS|  |TAMS 0x0000000743d00000, 0x0000000743d00000| Complete 
|   4|0x0000000743e00000, 0x0000000743f00000, 0x0000000743f00000|100%|HC|  |TAMS 0x0000000743e00000, 0x0000000743e00000| Complete 
|   5|0x0000000743f00000, 0x0000000744000000, 0x0000000744000000|100%|HC|  |TAMS 0x0000000743f00000, 0x0000000743f00000| Complete 
|   6|0x0000000744000000, 0x0000000744100000, 0x0000000744100000|100%| O|  |TAMS 0x0000000744000000, 0x0000000744000000| Untracked 
|   7|0x0000000744100000, 0x0000000744200000, 0x0000000744200000|100%| O|  |TAMS 0x0000000744100000, 0x0000000744100000| Untracked 
|   8|0x0000000744200000, 0x000000074425c000, 0x0000000744300000| 35%| O|  |TAMS 0x0000000744200000, 0x0000000744200000| Untracked 
|   9|0x0000000744300000, 0x0000000744300000, 0x0000000744400000|  0%| F|  |TAMS 0x0000000744300000, 0x0000000744300000| Untracked 
|  10|0x0000000744400000, 0x0000000744400000, 0x0000000744500000|  0%| F|  |TAMS 0x0000000744400000, 0x0000000744400000| Untracked 
|  11|0x0000000744500000, 0x0000000744500000, 0x0000000744600000|  0%| F|  |TAMS 0x0000000744500000, 0x0000000744500000| Untracked 
|  12|0x0000000744600000, 0x0000000744600000, 0x0000000744700000|  0%| F|  |TAMS 0x0000000744600000, 0x0000000744600000| Untracked 
|  13|0x0000000744700000, 0x0000000744700000, 0x0000000744800000|  0%| F|  |TAMS 0x0000000744700000, 0x0000000744700000| Untracked 
|  14|0x0000000744800000, 0x0000000744800000, 0x0000000744900000|  0%| F|  |TAMS 0x0000000744800000, 0x0000000744800000| Untracked 
|  15|0x0000000744900000, 0x0000000744900000, 0x0000000744a00000|  0%| F|  |TAMS 0x0000000744900000, 0x0000000744900000| Untracked 
|  16|0x0000000744a00000, 0x0000000744a00000, 0x0000000744b00000|  0%| F|  |TAMS 0x0000000744a00000, 0x0000000744a00000| Untracked 
|  17|0x0000000744b00000, 0x0000000744b00000, 0x0000000744c00000|  0%| F|  |TAMS 0x0000000744b00000, 0x0000000744b00000| Untracked 
|  18|0x0000000744c00000, 0x0000000744c00000, 0x0000000744d00000|  0%| F|  |TAMS 0x0000000744c00000, 0x0000000744c00000| Untracked 
|  19|0x0000000744d00000, 0x0000000744d00000, 0x0000000744e00000|  0%| F|  |TAMS 0x0000000744d00000, 0x0000000744d00000| Untracked 
|  20|0x0000000744e00000, 0x0000000744e00000, 0x0000000744f00000|  0%| F|  |TAMS 0x0000000744e00000, 0x0000000744e00000| Untracked 
|  21|0x0000000744f00000, 0x0000000744f00000, 0x0000000745000000|  0%| F|  |TAMS 0x0000000744f00000, 0x0000000744f00000| Untracked 
|  22|0x0000000745000000, 0x0000000745000000, 0x0000000745100000|  0%| F|  |TAMS 0x0000000745000000, 0x0000000745000000| Untracked 
|  23|0x0000000745100000, 0x0000000745100000, 0x0000000745200000|  0%| F|  |TAMS 0x0000000745100000, 0x0000000745100000| Untracked 
|  24|0x0000000745200000, 0x0000000745200000, 0x0000000745300000|  0%| F|  |TAMS 0x0000000745200000, 0x0000000745200000| Untracked 
|  25|0x0000000745300000, 0x0000000745300000, 0x0000000745400000|  0%| F|  |TAMS 0x0000000745300000, 0x0000000745300000| Untracked 
|  26|0x0000000745400000, 0x0000000745400000, 0x0000000745500000|  0%| F|  |TAMS 0x0000000745400000, 0x0000000745400000| Untracked 
|  27|0x0000000745500000, 0x0000000745500000, 0x0000000745600000|  0%| F|  |TAMS 0x0000000745500000, 0x0000000745500000| Untracked 
|  28|0x0000000745600000, 0x0000000745600000, 0x0000000745700000|  0%| F|  |TAMS 0x0000000745600000, 0x0000000745600000| Untracked 
|  29|0x0000000745700000, 0x0000000745700000, 0x0000000745800000|  0%| F|  |TAMS 0x0000000745700000, 0x0000000745700000| Untracked 
|  30|0x0000000745800000, 0x0000000745800000, 0x0000000745900000|  0%| F|  |TAMS 0x0000000745800000, 0x0000000745800000| Untracked 
|  31|0x0000000745900000, 0x0000000745900000, 0x0000000745a00000|  0%| F|  |TAMS 0x0000000745900000, 0x0000000745900000| Untracked 
|  32|0x0000000745a00000, 0x0000000745a00000, 0x0000000745b00000|  0%| F|  |TAMS 0x0000000745a00000, 0x0000000745a00000| Untracked 
|  33|0x0000000745b00000, 0x0000000745b00000, 0x0000000745c00000|  0%| F|  |TAMS 0x0000000745b00000, 0x0000000745b00000| Untracked 
|  34|0x0000000745c00000, 0x0000000745c00000, 0x0000000745d00000|  0%| F|  |TAMS 0x0000000745c00000, 0x0000000745c00000| Untracked 
|  35|0x0000000745d00000, 0x0000000745d00000, 0x0000000745e00000|  0%| F|  |TAMS 0x0000000745d00000, 0x0000000745d00000| Untracked 
|  36|0x0000000745e00000, 0x0000000745e00000, 0x0000000745f00000|  0%| F|  |TAMS 0x0000000745e00000, 0x0000000745e00000| Untracked 
|  37|0x0000000745f00000, 0x0000000745f00000, 0x0000000746000000|  0%| F|  |TAMS 0x0000000745f00000, 0x0000000745f00000| Untracked 
|  38|0x0000000746000000, 0x0000000746000000, 0x0000000746100000|  0%| F|  |TAMS 0x0000000746000000, 0x0000000746000000| Untracked 
|  39|0x0000000746100000, 0x0000000746100000, 0x0000000746200000|  0%| F|  |TAMS 0x0000000746100000, 0x0000000746100000| Untracked 
|  40|0x0000000746200000, 0x0000000746200000, 0x0000000746300000|  0%| F|  |TAMS 0x0000000746200000, 0x0000000746200000| Untracked 
|  41|0x0000000746300000, 0x0000000746300000, 0x0000000746400000|  0%| F|  |TAMS 0x0000000746300000, 0x0000000746300000| Untracked 
|  42|0x0000000746400000, 0x0000000746400000, 0x0000000746500000|  0%| F|  |TAMS 0x0000000746400000, 0x0000000746400000| Untracked 
|  43|0x0000000746500000, 0x0000000746500000, 0x0000000746600000|  0%| F|  |TAMS 0x0000000746500000, 0x0000000746500000| Untracked 
|  44|0x0000000746600000, 0x0000000746600000, 0x0000000746700000|  0%| F|  |TAMS 0x0000000746600000, 0x0000000746600000| Untracked 
|  45|0x0000000746700000, 0x0000000746700000, 0x0000000746800000|  0%| F|  |TAMS 0x0000000746700000, 0x0000000746700000| Untracked 
|  46|0x0000000746800000, 0x0000000746800000, 0x0000000746900000|  0%| F|  |TAMS 0x0000000746800000, 0x0000000746800000| Untracked 
|  47|0x0000000746900000, 0x0000000746900000, 0x0000000746a00000|  0%| F|  |TAMS 0x0000000746900000, 0x0000000746900000| Untracked 
|  48|0x0000000746a00000, 0x0000000746a00000, 0x0000000746b00000|  0%| F|  |TAMS 0x0000000746a00000, 0x0000000746a00000| Untracked 
|  49|0x0000000746b00000, 0x0000000746b00000, 0x0000000746c00000|  0%| F|  |TAMS 0x0000000746b00000, 0x0000000746b00000| Untracked 
|  50|0x0000000746c00000, 0x0000000746c00000, 0x0000000746d00000|  0%| F|  |TAMS 0x0000000746c00000, 0x0000000746c00000| Untracked 
|  51|0x0000000746d00000, 0x0000000746d00000, 0x0000000746e00000|  0%| F|  |TAMS 0x0000000746d00000, 0x0000000746d00000| Untracked 
|  52|0x0000000746e00000, 0x0000000746e00000, 0x0000000746f00000|  0%| F|  |TAMS 0x0000000746e00000, 0x0000000746e00000| Untracked 
|  53|0x0000000746f00000, 0x0000000746f00000, 0x0000000747000000|  0%| F|  |TAMS 0x0000000746f00000, 0x0000000746f00000| Untracked 
|  54|0x0000000747000000, 0x0000000747000000, 0x0000000747100000|  0%| F|  |TAMS 0x0000000747000000, 0x0000000747000000| Untracked 
|  55|0x0000000747100000, 0x0000000747100000, 0x0000000747200000|  0%| F|  |TAMS 0x0000000747100000, 0x0000000747100000| Untracked 
|  56|0x0000000747200000, 0x0000000747200000, 0x0000000747300000|  0%| F|  |TAMS 0x0000000747200000, 0x0000000747200000| Untracked 
|  57|0x0000000747300000, 0x0000000747300000, 0x0000000747400000|  0%| F|  |TAMS 0x0000000747300000, 0x0000000747300000| Untracked 
|  58|0x0000000747400000, 0x0000000747400000, 0x0000000747500000|  0%| F|  |TAMS 0x0000000747400000, 0x0000000747400000| Untracked 
|  59|0x0000000747500000, 0x0000000747500000, 0x0000000747600000|  0%| F|  |TAMS 0x0000000747500000, 0x0000000747500000| Untracked 
|  60|0x0000000747600000, 0x0000000747600000, 0x0000000747700000|  0%| F|  |TAMS 0x0000000747600000, 0x0000000747600000| Untracked 
|  61|0x0000000747700000, 0x0000000747700000, 0x0000000747800000|  0%| F|  |TAMS 0x0000000747700000, 0x0000000747700000| Untracked 
|  62|0x0000000747800000, 0x0000000747800000, 0x0000000747900000|  0%| F|  |TAMS 0x0000000747800000, 0x0000000747800000| Untracked 
|  63|0x0000000747900000, 0x0000000747900000, 0x0000000747a00000|  0%| F|  |TAMS 0x0000000747900000, 0x0000000747900000| Untracked 
|  64|0x0000000747a00000, 0x0000000747a00000, 0x0000000747b00000|  0%| F|  |TAMS 0x0000000747a00000, 0x0000000747a00000| Untracked 
|  65|0x0000000747b00000, 0x0000000747b00000, 0x0000000747c00000|  0%| F|  |TAMS 0x0000000747b00000, 0x0000000747b00000| Untracked 
|  66|0x0000000747c00000, 0x0000000747c00000, 0x0000000747d00000|  0%| F|  |TAMS 0x0000000747c00000, 0x0000000747c00000| Untracked 
|  67|0x0000000747d00000, 0x0000000747d00000, 0x0000000747e00000|  0%| F|  |TAMS 0x0000000747d00000, 0x0000000747d00000| Untracked 
|  68|0x0000000747e00000, 0x0000000747e00000, 0x0000000747f00000|  0%| F|  |TAMS 0x0000000747e00000, 0x0000000747e00000| Untracked 
|  69|0x0000000747f00000, 0x0000000747f00000, 0x0000000748000000|  0%| F|  |TAMS 0x0000000747f00000, 0x0000000747f00000| Untracked 
|  70|0x0000000748000000, 0x0000000748000000, 0x0000000748100000|  0%| F|  |TAMS 0x0000000748000000, 0x0000000748000000| Untracked 
|  71|0x0000000748100000, 0x0000000748100000, 0x0000000748200000|  0%| F|  |TAMS 0x0000000748100000, 0x0000000748100000| Untracked 
|  72|0x0000000748200000, 0x0000000748200000, 0x0000000748300000|  0%| F|  |TAMS 0x0000000748200000, 0x0000000748200000| Untracked 
|  73|0x0000000748300000, 0x0000000748300000, 0x0000000748400000|  0%| F|  |TAMS 0x0000000748300000, 0x0000000748300000| Untracked 
|  74|0x0000000748400000, 0x0000000748400000, 0x0000000748500000|  0%| F|  |TAMS 0x0000000748400000, 0x0000000748400000| Untracked 
|  75|0x0000000748500000, 0x0000000748500000, 0x0000000748600000|  0%| F|  |TAMS 0x0000000748500000, 0x0000000748500000| Untracked 
|  76|0x0000000748600000, 0x0000000748600000, 0x0000000748700000|  0%| F|  |TAMS 0x0000000748600000, 0x0000000748600000| Untracked 
|  77|0x0000000748700000, 0x0000000748700000, 0x0000000748800000|  0%| F|  |TAMS 0x0000000748700000, 0x0000000748700000| Untracked 
|  78|0x0000000748800000, 0x0000000748800000, 0x0000000748900000|  0%| F|  |TAMS 0x0000000748800000, 0x0000000748800000| Untracked 
|  79|0x0000000748900000, 0x0000000748900000, 0x0000000748a00000|  0%| F|  |TAMS 0x0000000748900000, 0x0000000748900000| Untracked 
|  80|0x0000000748a00000, 0x0000000748a00000, 0x0000000748b00000|  0%| F|  |TAMS 0x0000000748a00000, 0x0000000748a00000| Untracked 
|  81|0x0000000748b00000, 0x0000000748b00000, 0x0000000748c00000|  0%| F|  |TAMS 0x0000000748b00000, 0x0000000748b00000| Untracked 
|  82|0x0000000748c00000, 0x0000000748c00000, 0x0000000748d00000|  0%| F|  |TAMS 0x0000000748c00000, 0x0000000748c00000| Untracked 
|  83|0x0000000748d00000, 0x0000000748d00000, 0x0000000748e00000|  0%| F|  |TAMS 0x0000000748d00000, 0x0000000748d00000| Untracked 
|  84|0x0000000748e00000, 0x0000000748e00000, 0x0000000748f00000|  0%| F|  |TAMS 0x0000000748e00000, 0x0000000748e00000| Untracked 
|  85|0x0000000748f00000, 0x0000000748f00000, 0x0000000749000000|  0%| F|  |TAMS 0x0000000748f00000, 0x0000000748f00000| Untracked 
|  86|0x0000000749000000, 0x0000000749000000, 0x0000000749100000|  0%| F|  |TAMS 0x0000000749000000, 0x0000000749000000| Untracked 
|  87|0x0000000749100000, 0x0000000749100000, 0x0000000749200000|  0%| F|  |TAMS 0x0000000749100000, 0x0000000749100000| Untracked 
|  88|0x0000000749200000, 0x0000000749200000, 0x0000000749300000|  0%| F|  |TAMS 0x0000000749200000, 0x0000000749200000| Untracked 
|  89|0x0000000749300000, 0x0000000749300000, 0x0000000749400000|  0%| F|  |TAMS 0x0000000749300000, 0x0000000749300000| Untracked 
|  90|0x0000000749400000, 0x0000000749400000, 0x0000000749500000|  0%| F|  |TAMS 0x0000000749400000, 0x0000000749400000| Untracked 
|  91|0x0000000749500000, 0x0000000749500000, 0x0000000749600000|  0%| F|  |TAMS 0x0000000749500000, 0x0000000749500000| Untracked 
|  92|0x0000000749600000, 0x0000000749600000, 0x0000000749700000|  0%| F|  |TAMS 0x0000000749600000, 0x0000000749600000| Untracked 
|  93|0x0000000749700000, 0x0000000749700000, 0x0000000749800000|  0%| F|  |TAMS 0x0000000749700000, 0x0000000749700000| Untracked 
|  94|0x0000000749800000, 0x0000000749800000, 0x0000000749900000|  0%| F|  |TAMS 0x0000000749800000, 0x0000000749800000| Untracked 
|  95|0x0000000749900000, 0x0000000749900000, 0x0000000749a00000|  0%| F|  |TAMS 0x0000000749900000, 0x0000000749900000| Untracked 
|  96|0x0000000749a00000, 0x0000000749a00000, 0x0000000749b00000|  0%| F|  |TAMS 0x0000000749a00000, 0x0000000749a00000| Untracked 
|  97|0x0000000749b00000, 0x0000000749b00000, 0x0000000749c00000|  0%| F|  |TAMS 0x0000000749b00000, 0x0000000749b00000| Untracked 
|  98|0x0000000749c00000, 0x0000000749c00000, 0x0000000749d00000|  0%| F|  |TAMS 0x0000000749c00000, 0x0000000749c00000| Untracked 
|  99|0x0000000749d00000, 0x0000000749d00000, 0x0000000749e00000|  0%| F|  |TAMS 0x0000000749d00000, 0x0000000749d00000| Untracked 
| 100|0x0000000749e00000, 0x0000000749e00000, 0x0000000749f00000|  0%| F|  |TAMS 0x0000000749e00000, 0x0000000749e00000| Untracked 
| 101|0x0000000749f00000, 0x0000000749f00000, 0x000000074a000000|  0%| F|  |TAMS 0x0000000749f00000, 0x0000000749f00000| Untracked 
| 102|0x000000074a000000, 0x000000074a000000, 0x000000074a100000|  0%| F|  |TAMS 0x000000074a000000, 0x000000074a000000| Untracked 
| 103|0x000000074a100000, 0x000000074a100000, 0x000000074a200000|  0%| F|  |TAMS 0x000000074a100000, 0x000000074a100000| Untracked 
| 104|0x000000074a200000, 0x000000074a200000, 0x000000074a300000|  0%| F|  |TAMS 0x000000074a200000, 0x000000074a200000| Untracked 
| 105|0x000000074a300000, 0x000000074a300000, 0x000000074a400000|  0%| F|  |TAMS 0x000000074a300000, 0x000000074a300000| Untracked 
| 106|0x000000074a400000, 0x000000074a400000, 0x000000074a500000|  0%| F|  |TAMS 0x000000074a400000, 0x000000074a400000| Untracked 
| 107|0x000000074a500000, 0x000000074a500000, 0x000000074a600000|  0%| F|  |TAMS 0x000000074a500000, 0x000000074a500000| Untracked 
| 108|0x000000074a600000, 0x000000074a600000, 0x000000074a700000|  0%| F|  |TAMS 0x000000074a600000, 0x000000074a600000| Untracked 
| 109|0x000000074a700000, 0x000000074a700000, 0x000000074a800000|  0%| F|  |TAMS 0x000000074a700000, 0x000000074a700000| Untracked 
| 110|0x000000074a800000, 0x000000074a800000, 0x000000074a900000|  0%| F|  |TAMS 0x000000074a800000, 0x000000074a800000| Untracked 
| 111|0x000000074a900000, 0x000000074a900000, 0x000000074aa00000|  0%| F|  |TAMS 0x000000074a900000, 0x000000074a900000| Untracked 
| 112|0x000000074aa00000, 0x000000074aa00000, 0x000000074ab00000|  0%| F|  |TAMS 0x000000074aa00000, 0x000000074aa00000| Untracked 
| 113|0x000000074ab00000, 0x000000074ab00000, 0x000000074ac00000|  0%| F|  |TAMS 0x000000074ab00000, 0x000000074ab00000| Untracked 
| 114|0x000000074ac00000, 0x000000074ac00000, 0x000000074ad00000|  0%| F|  |TAMS 0x000000074ac00000, 0x000000074ac00000| Untracked 
| 115|0x000000074ad00000, 0x000000074ad00000, 0x000000074ae00000|  0%| F|  |TAMS 0x000000074ad00000, 0x000000074ad00000| Untracked 
| 116|0x000000074ae00000, 0x000000074ae00000, 0x000000074af00000|  0%| F|  |TAMS 0x000000074ae00000, 0x000000074ae00000| Untracked 
| 117|0x000000074af00000, 0x000000074af00000, 0x000000074b000000|  0%| F|  |TAMS 0x000000074af00000, 0x000000074af00000| Untracked 
| 118|0x000000074b000000, 0x000000074b000000, 0x000000074b100000|  0%| F|  |TAMS 0x000000074b000000, 0x000000074b000000| Untracked 
| 119|0x000000074b100000, 0x000000074b100000, 0x000000074b200000|  0%| F|  |TAMS 0x000000074b100000, 0x000000074b100000| Untracked 
| 120|0x000000074b200000, 0x000000074b200000, 0x000000074b300000|  0%| F|  |TAMS 0x000000074b200000, 0x000000074b200000| Untracked 
| 121|0x000000074b300000, 0x000000074b300000, 0x000000074b400000|  0%| F|  |TAMS 0x000000074b300000, 0x000000074b300000| Untracked 
| 122|0x000000074b400000, 0x000000074b400000, 0x000000074b500000|  0%| F|  |TAMS 0x000000074b400000, 0x000000074b400000| Untracked 
| 123|0x000000074b500000, 0x000000074b500000, 0x000000074b600000|  0%| F|  |TAMS 0x000000074b500000, 0x000000074b500000| Untracked 
| 124|0x000000074b600000, 0x000000074b600000, 0x000000074b700000|  0%| F|  |TAMS 0x000000074b600000, 0x000000074b600000| Untracked 
| 125|0x000000074b700000, 0x000000074b700000, 0x000000074b800000|  0%| F|  |TAMS 0x000000074b700000, 0x000000074b700000| Untracked 
| 126|0x000000074b800000, 0x000000074b800000, 0x000000074b900000|  0%| F|  |TAMS 0x000000074b800000, 0x000000074b800000| Untracked 
| 127|0x000000074b900000, 0x000000074b900000, 0x000000074ba00000|  0%| F|  |TAMS 0x000000074b900000, 0x000000074b900000| Untracked 
| 128|0x000000074ba00000, 0x000000074ba00000, 0x000000074bb00000|  0%| F|  |TAMS 0x000000074ba00000, 0x000000074ba00000| Untracked 
| 129|0x000000074bb00000, 0x000000074bb00000, 0x000000074bc00000|  0%| F|  |TAMS 0x000000074bb00000, 0x000000074bb00000| Untracked 
| 130|0x000000074bc00000, 0x000000074bc00000, 0x000000074bd00000|  0%| F|  |TAMS 0x000000074bc00000, 0x000000074bc00000| Untracked 
| 131|0x000000074bd00000, 0x000000074bd00000, 0x000000074be00000|  0%| F|  |TAMS 0x000000074bd00000, 0x000000074bd00000| Untracked 
| 132|0x000000074be00000, 0x000000074be00000, 0x000000074bf00000|  0%| F|  |TAMS 0x000000074be00000, 0x000000074be00000| Untracked 
| 133|0x000000074bf00000, 0x000000074bf00000, 0x000000074c000000|  0%| F|  |TAMS 0x000000074bf00000, 0x000000074bf00000| Untracked 
| 134|0x000000074c000000, 0x000000074c000000, 0x000000074c100000|  0%| F|  |TAMS 0x000000074c000000, 0x000000074c000000| Untracked 
| 135|0x000000074c100000, 0x000000074c100000, 0x000000074c200000|  0%| F|  |TAMS 0x000000074c100000, 0x000000074c100000| Untracked 
| 136|0x000000074c200000, 0x000000074c200000, 0x000000074c300000|  0%| F|  |TAMS 0x000000074c200000, 0x000000074c200000| Untracked 
| 137|0x000000074c300000, 0x000000074c300000, 0x000000074c400000|  0%| F|  |TAMS 0x000000074c300000, 0x000000074c300000| Untracked 
| 138|0x000000074c400000, 0x000000074c400000, 0x000000074c500000|  0%| F|  |TAMS 0x000000074c400000, 0x000000074c400000| Untracked 
| 139|0x000000074c500000, 0x000000074c500000, 0x000000074c600000|  0%| F|  |TAMS 0x000000074c500000, 0x000000074c500000| Untracked 
| 140|0x000000074c600000, 0x000000074c600000, 0x000000074c700000|  0%| F|  |TAMS 0x000000074c600000, 0x000000074c600000| Untracked 
| 141|0x000000074c700000, 0x000000074c700000, 0x000000074c800000|  0%| F|  |TAMS 0x000000074c700000, 0x000000074c700000| Untracked 
| 142|0x000000074c800000, 0x000000074c800000, 0x000000074c900000|  0%| F|  |TAMS 0x000000074c800000, 0x000000074c800000| Untracked 
| 143|0x000000074c900000, 0x000000074c900000, 0x000000074ca00000|  0%| F|  |TAMS 0x000000074c900000, 0x000000074c900000| Untracked 
| 144|0x000000074ca00000, 0x000000074ca00000, 0x000000074cb00000|  0%| F|  |TAMS 0x000000074ca00000, 0x000000074ca00000| Untracked 
| 145|0x000000074cb00000, 0x000000074cb00000, 0x000000074cc00000|  0%| F|  |TAMS 0x000000074cb00000, 0x000000074cb00000| Untracked 
| 146|0x000000074cc00000, 0x000000074cc00000, 0x000000074cd00000|  0%| F|  |TAMS 0x000000074cc00000, 0x000000074cc00000| Untracked 
| 147|0x000000074cd00000, 0x000000074cd00000, 0x000000074ce00000|  0%| F|  |TAMS 0x000000074cd00000, 0x000000074cd00000| Untracked 
| 148|0x000000074ce00000, 0x000000074ce00000, 0x000000074cf00000|  0%| F|  |TAMS 0x000000074ce00000, 0x000000074ce00000| Untracked 
| 149|0x000000074cf00000, 0x000000074cf00000, 0x000000074d000000|  0%| F|  |TAMS 0x000000074cf00000, 0x000000074cf00000| Untracked 
| 150|0x000000074d000000, 0x000000074d000000, 0x000000074d100000|  0%| F|  |TAMS 0x000000074d000000, 0x000000074d000000| Untracked 
| 151|0x000000074d100000, 0x000000074d100000, 0x000000074d200000|  0%| F|  |TAMS 0x000000074d100000, 0x000000074d100000| Untracked 
| 152|0x000000074d200000, 0x000000074d200000, 0x000000074d300000|  0%| F|  |TAMS 0x000000074d200000, 0x000000074d200000| Untracked 
| 153|0x000000074d300000, 0x000000074d300000, 0x000000074d400000|  0%| F|  |TAMS 0x000000074d300000, 0x000000074d300000| Untracked 
| 154|0x000000074d400000, 0x000000074d400000, 0x000000074d500000|  0%| F|  |TAMS 0x000000074d400000, 0x000000074d400000| Untracked 
| 155|0x000000074d500000, 0x000000074d500000, 0x000000074d600000|  0%| F|  |TAMS 0x000000074d500000, 0x000000074d500000| Untracked 
| 156|0x000000074d600000, 0x000000074d600000, 0x000000074d700000|  0%| F|  |TAMS 0x000000074d600000, 0x000000074d600000| Untracked 
| 157|0x000000074d700000, 0x000000074d700000, 0x000000074d800000|  0%| F|  |TAMS 0x000000074d700000, 0x000000074d700000| Untracked 
| 158|0x000000074d800000, 0x000000074d800000, 0x000000074d900000|  0%| F|  |TAMS 0x000000074d800000, 0x000000074d800000| Untracked 
| 159|0x000000074d900000, 0x000000074d900000, 0x000000074da00000|  0%| F|  |TAMS 0x000000074d900000, 0x000000074d900000| Untracked 
| 160|0x000000074da00000, 0x000000074da00000, 0x000000074db00000|  0%| F|  |TAMS 0x000000074da00000, 0x000000074da00000| Untracked 
| 161|0x000000074db00000, 0x000000074db00000, 0x000000074dc00000|  0%| F|  |TAMS 0x000000074db00000, 0x000000074db00000| Untracked 
| 162|0x000000074dc00000, 0x000000074dc00000, 0x000000074dd00000|  0%| F|  |TAMS 0x000000074dc00000, 0x000000074dc00000| Untracked 
| 163|0x000000074dd00000, 0x000000074de00000, 0x000000074de00000|100%| S|CS|TAMS 0x000000074dd00000, 0x000000074dd00000| Complete 
| 164|0x000000074de00000, 0x000000074df00000, 0x000000074df00000|100%| S|CS|TAMS 0x000000074de00000, 0x000000074de00000| Complete 
| 165|0x000000074df00000, 0x000000074e000000, 0x000000074e000000|100%| S|CS|TAMS 0x000000074df00000, 0x000000074df00000| Complete 
| 166|0x000000074e000000, 0x000000074e000000, 0x000000074e100000|  0%| F|  |TAMS 0x000000074e000000, 0x000000074e000000| Untracked 
| 167|0x000000074e100000, 0x000000074e100000, 0x000000074e200000|  0%| F|  |TAMS 0x000000074e100000, 0x000000074e100000| Untracked 
| 168|0x000000074e200000, 0x000000074e200000, 0x000000074e300000|  0%| F|  |TAMS 0x000000074e200000, 0x000000074e200000| Untracked 
| 169|0x000000074e300000, 0x000000074e300000, 0x000000074e400000|  0%| F|  |TAMS 0x000000074e300000, 0x000000074e300000| Untracked 
| 170|0x000000074e400000, 0x000000074e400000, 0x000000074e500000|  0%| F|  |TAMS 0x000000074e400000, 0x000000074e400000| Untracked 
| 171|0x000000074e500000, 0x000000074e500000, 0x000000074e600000|  0%| F|  |TAMS 0x000000074e500000, 0x000000074e500000| Untracked 
| 172|0x000000074e600000, 0x000000074e600000, 0x000000074e700000|  0%| F|  |TAMS 0x000000074e600000, 0x000000074e600000| Untracked 
| 173|0x000000074e700000, 0x000000074e700000, 0x000000074e800000|  0%| F|  |TAMS 0x000000074e700000, 0x000000074e700000| Untracked 
| 174|0x000000074e800000, 0x000000074e800000, 0x000000074e900000|  0%| F|  |TAMS 0x000000074e800000, 0x000000074e800000| Untracked 
| 175|0x000000074e900000, 0x000000074e900000, 0x000000074ea00000|  0%| F|  |TAMS 0x000000074e900000, 0x000000074e900000| Untracked 
| 176|0x000000074ea00000, 0x000000074ea00000, 0x000000074eb00000|  0%| F|  |TAMS 0x000000074ea00000, 0x000000074ea00000| Untracked 
| 177|0x000000074eb00000, 0x000000074eb00000, 0x000000074ec00000|  0%| F|  |TAMS 0x000000074eb00000, 0x000000074eb00000| Untracked 
| 178|0x000000074ec00000, 0x000000074ed00000, 0x000000074ed00000|100%| E|  |TAMS 0x000000074ec00000, 0x000000074ec00000| Complete 
| 179|0x000000074ed00000, 0x000000074ee00000, 0x000000074ee00000|100%| E|CS|TAMS 0x000000074ed00000, 0x000000074ed00000| Complete 
| 180|0x000000074ee00000, 0x000000074ef00000, 0x000000074ef00000|100%| E|CS|TAMS 0x000000074ee00000, 0x000000074ee00000| Complete 
| 181|0x000000074ef00000, 0x000000074f000000, 0x000000074f000000|100%| E|CS|TAMS 0x000000074ef00000, 0x000000074ef00000| Complete 
| 182|0x000000074f000000, 0x000000074f100000, 0x000000074f100000|100%| E|CS|TAMS 0x000000074f000000, 0x000000074f000000| Complete 
| 183|0x000000074f100000, 0x000000074f200000, 0x000000074f200000|100%| E|CS|TAMS 0x000000074f100000, 0x000000074f100000| Complete 
| 184|0x000000074f200000, 0x000000074f300000, 0x000000074f300000|100%| E|CS|TAMS 0x000000074f200000, 0x000000074f200000| Complete 
| 185|0x000000074f300000, 0x000000074f400000, 0x000000074f400000|100%| E|CS|TAMS 0x000000074f300000, 0x000000074f300000| Complete 
| 186|0x000000074f400000, 0x000000074f500000, 0x000000074f500000|100%| E|CS|TAMS 0x000000074f400000, 0x000000074f400000| Complete 
| 187|0x000000074f500000, 0x000000074f600000, 0x000000074f600000|100%| E|CS|TAMS 0x000000074f500000, 0x000000074f500000| Complete 
| 188|0x000000074f600000, 0x000000074f700000, 0x000000074f700000|100%| E|CS|TAMS 0x000000074f600000, 0x000000074f600000| Complete 
| 189|0x000000074f700000, 0x000000074f800000, 0x000000074f800000|100%| E|CS|TAMS 0x000000074f700000, 0x000000074f700000| Complete 

Card table byte_map: [0x000001fbf44c0000,0x000001fbf4ab0000] _byte_map_base: 0x000001fbf0aa3000

Marking Bits (Prev, Next): (CMBitMap*) 0x000001fbf00ee0c8, (CMBitMap*) 0x000001fbf00ee100
 Prev Bits: [0x000001fbf50a0000, 0x000001fbf7fb8000)
 Next Bits: [0x000001fbf7fc0000, 0x000001fbfaed8000)

Polling page: 0x000001fbef870000

Metaspace:

Usage:
  Non-class:     12.77 MB capacity,    12.63 MB ( 99%) used,   127.94 KB ( <1%) free+waste,    19.00 KB ( <1%) overhead. 
      Class:      1.75 MB capacity,     1.64 MB ( 94%) used,    96.26 KB (  5%) free+waste,     9.31 KB ( <1%) overhead. 
       Both:     14.52 MB capacity,    14.27 MB ( 98%) used,   224.20 KB (  2%) free+waste,    28.31 KB ( <1%) overhead. 

Virtual space:
  Non-class space:       14.00 MB reserved,      13.00 MB ( 93%) committed 
      Class space:        1.00 GB reserved,       1.75 MB ( <1%) committed 
             Both:        1.01 GB reserved,      14.75 MB (  1%) committed 

Chunk freelists:
   Non-Class:  39.00 KB
       Class:  4.00 KB
        Both:  43.00 KB

MaxMetaspaceSize: 17179869184.00 GB
CompressedClassSpaceSize: 1.00 GB
Initial GC threshold: 20.80 MB
Current GC threshold: 20.80 MB
CDS: off

CodeHeap 'non-profiled nmethods': size=120000Kb used=409Kb max_used=409Kb free=119590Kb
 bounds [0x000001fb87ad0000, 0x000001fb87d40000, 0x000001fb8f000000]
CodeHeap 'profiled nmethods': size=120000Kb used=2062Kb max_used=2062Kb free=117937Kb
 bounds [0x000001fb805a0000, 0x000001fb80810000, 0x000001fb87ad0000]
CodeHeap 'non-nmethods': size=5760Kb used=1171Kb max_used=1188Kb free=4588Kb
 bounds [0x000001fb80000000, 0x000001fb80270000, 0x000001fb805a0000]
 total_blobs=1535 nmethods=1119 adapters=329
 compilation: enabled
              stopped_count=0, restarted_count=0
 full_count=0

Compilation events (20 events):
Event: 8.330 Thread 0x000001fbfe2d8000 1108       3       java.util.concurrent.locks.AbstractQueuedSynchronizer::acquire (27 bytes)
Event: 8.331 Thread 0x000001fbfe2d8000 nmethod 1108 0x000001fb8079b510 code [0x000001fb8079b700, 0x000001fb8079baf8]
Event: 8.426 Thread 0x000001fbfe2d8000 1109       3       java.util.concurrent.locks.ReentrantLock::unlock (10 bytes)
Event: 8.426 Thread 0x000001fbfe2d8000 nmethod 1109 0x000001fb8079bc10 code [0x000001fb8079bde0, 0x000001fb8079c118]
Event: 9.428 Thread 0x000001fbfe2d8000 1110       3       java.util.concurrent.ThreadPoolExecutor::isShutdown (12 bytes)
Event: 9.428 Thread 0x000001fbfe2d8000 nmethod 1110 0x000001fb8079c290 code [0x000001fb8079c440, 0x000001fb8079c618]
Event: 9.428 Thread 0x000001fbfe2d8000 1111       3       java.util.concurrent.ScheduledThreadPoolExecutor::canRunInCurrentRunState (61 bytes)
Event: 9.429 Thread 0x000001fbfe2d8000 nmethod 1111 0x000001fb8079c710 code [0x000001fb8079c940, 0x000001fb8079d1a8]
Event: 10.728 Thread 0x000001fbfe2d8000 1112       3       java.lang.invoke.VarHandleGuards::guard_LLL_Z (70 bytes)
Event: 10.730 Thread 0x000001fbfe2d8000 nmethod 1112 0x000001fb8079d410 code [0x000001fb8079d6c0, 0x000001fb8079e788]
Event: 11.031 Thread 0x000001fbfe2d8000 1114       3       java.lang.invoke.VarHandleObjects$FieldInstanceReadWrite::compareAndSet (38 bytes)
Event: 11.032 Thread 0x000001fbfe2d8000 nmethod 1114 0x000001fb8079ed10 code [0x000001fb8079ef80, 0x000001fb8079f928]
Event: 11.427 Thread 0x000001fbfe2d8000 1115       3       java.util.LinkedHashMap$LinkedHashIterator::<init> (31 bytes)
Event: 11.428 Thread 0x000001fbfe2d8000 nmethod 1115 0x000001fb8079fd10 code [0x000001fb8079fec0, 0x000001fb807a0138]
Event: 11.935 Thread 0x000001fbfe2d8000 1116       3       java.util.concurrent.atomic.AtomicLong::compareAndSet (13 bytes)
Event: 11.935 Thread 0x000001fbfe2d8000 nmethod 1116 0x000001fb807a0210 code [0x000001fb807a03c0, 0x000001fb807a04d8]
Event: 12.126 Thread 0x000001fbfe2d8000 1117       3       java.lang.invoke.VarHandleGuards::guard_LL_V (103 bytes)
Event: 12.129 Thread 0x000001fbfe2d8000 nmethod 1117 0x000001fb807a0590 code [0x000001fb807a0900, 0x000001fb807a2568]
Event: 12.129 Thread 0x000001fbfe2d8000 1118       3       java.lang.invoke.VarHandleObjects$FieldInstanceReadWrite::set (30 bytes)
Event: 12.129 Thread 0x000001fbfe2d8000 nmethod 1118 0x000001fb807a2e10 code [0x000001fb807a3040, 0x000001fb807a3788]

GC Heap History (2 events):
Event: 0.985 GC heap before
{Heap before GC invocations=0 (full 0):
 garbage-first heap   total 194560K, used 29696K [0x0000000743a00000, 0x0000000800000000)
  region size 1024K, 24 young (24576K), 0 survivors (0K)
 Metaspace       used 11160K, capacity 11368K, committed 11648K, reserved 1058816K
  class space    used 1212K, capacity 1301K, committed 1408K, reserved 1048576K
}
Event: 0.990 GC heap after
{Heap after GC invocations=1 (full 0):
 garbage-first heap   total 194560K, used 8560K [0x0000000743a00000, 0x0000000800000000)
  region size 1024K, 3 young (3072K), 3 survivors (3072K)
 Metaspace       used 11160K, capacity 11368K, committed 11648K, reserved 1058816K
  class space    used 1212K, capacity 1301K, committed 1408K, reserved 1048576K
}

Deoptimization events (20 events):
Event: 0.774 Thread 0x000001fbf009c000 DEOPT PACKING pc=0x000001fb87aef8dc sp=0x0000008e9a6fdc90
Event: 0.774 Thread 0x000001fbf009c000 DEOPT UNPACKING pc=0x000001fb800085af sp=0x0000008e9a6fdc38 mode 2
Event: 0.774 Thread 0x000001fbf009c000 Uncommon trap: trap_request=0xffffffde fr.pc=0x000001fb87aef8dc relative=0x00000000000003bc
Event: 0.774 Thread 0x000001fbf009c000 Uncommon trap: reason=class_check action=maybe_recompile pc=0x000001fb87aef8dc method=java.util.regex.Matcher.match(II)Z @ 121 c2
Event: 0.774 Thread 0x000001fbf009c000 DEOPT PACKING pc=0x000001fb87aef8dc sp=0x0000008e9a6fdc90
Event: 0.774 Thread 0x000001fbf009c000 DEOPT UNPACKING pc=0x000001fb800085af sp=0x0000008e9a6fdc38 mode 2
Event: 0.774 Thread 0x000001fbf009c000 Uncommon trap: trap_request=0xffffffde fr.pc=0x000001fb87aef8dc relative=0x00000000000003bc
Event: 0.774 Thread 0x000001fbf009c000 Uncommon trap: reason=class_check action=maybe_recompile pc=0x000001fb87aef8dc method=java.util.regex.Matcher.match(II)Z @ 121 c2
Event: 0.774 Thread 0x000001fbf009c000 DEOPT PACKING pc=0x000001fb87aef8dc sp=0x0000008e9a6fdb10
Event: 0.774 Thread 0x000001fbf009c000 DEOPT UNPACKING pc=0x000001fb800085af sp=0x0000008e9a6fdab8 mode 2
Event: 0.774 Thread 0x000001fbf009c000 Uncommon trap: trap_request=0xffffffde fr.pc=0x000001fb87aef8dc relative=0x00000000000003bc
Event: 0.774 Thread 0x000001fbf009c000 Uncommon trap: reason=class_check action=maybe_recompile pc=0x000001fb87aef8dc method=java.util.regex.Matcher.match(II)Z @ 121 c2
Event: 0.774 Thread 0x000001fbf009c000 DEOPT PACKING pc=0x000001fb87aef8dc sp=0x0000008e9a6fdb10
Event: 0.774 Thread 0x000001fbf009c000 DEOPT UNPACKING pc=0x000001fb800085af sp=0x0000008e9a6fdab8 mode 2
Event: 1.172 Thread 0x000001fbf009c000 Uncommon trap: trap_request=0xffffff4d fr.pc=0x000001fb87b1b318 relative=0x00000000000001d8
Event: 1.172 Thread 0x000001fbf009c000 Uncommon trap: reason=unstable_if action=reinterpret pc=0x000001fb87b1b318 method=java.util.HashMap.getNode(ILjava/lang/Object;)Ljava/util/HashMap$Node; @ 129 c2
Event: 1.172 Thread 0x000001fbf009c000 DEOPT PACKING pc=0x000001fb87b1b318 sp=0x0000008e9a6fb320
Event: 1.172 Thread 0x000001fbf009c000 DEOPT UNPACKING pc=0x000001fb800085af sp=0x0000008e9a6fb220 mode 2
Event: 1.684 Thread 0x000001fbf009c000 DEOPT PACKING pc=0x000001fb8066b5c0 sp=0x0000008e9a6f9950
Event: 1.684 Thread 0x000001fbf009c000 DEOPT UNPACKING pc=0x000001fb80049d0e sp=0x0000008e9a6f8e68 mode 0

Classes redefined (0 events):
No events

Internal exceptions (10 events):
Event: 0.241 Thread 0x000001fbf009c000 Exception <a 'java/lang/NoSuchMethodError'{0x000000074f69c8b8}: 'int java.lang.invoke.DirectMethodHandle$Holder.invokeSpecialIFC(java.lang.Object, java.lang.Object, int)'> (0x000000074f69c8b8) thrown at [./src/hotspot/share/interpreter/linkResolver.cpp, line 773]
Event: 0.334 Thread 0x000001fbf009c000 Exception <a 'java/lang/NoSuchMethodError'{0x000000074f425660}: 'int java.lang.invoke.DirectMethodHandle$Holder.invokeStaticInit(java.lang.Object, java.lang.Object)'> (0x000000074f425660) thrown at [./src/hotspot/share/interpreter/linkResolver.cpp, line 773]
Event: 0.392 Thread 0x000001fbf009c000 Exception <a 'java/lang/NoSuchMethodError'{0x000000074f4e59b8}: 'int java.lang.invoke.DirectMethodHandle$Holder.invokeSpecial(java.lang.Object, java.lang.Object, java.lang.Object, java.lang.Object)'> (0x000000074f4e59b8) thrown at [./src/hotspot/share/interpreter/linkResolver.cpp, line 773]
Event: 0.816 Thread 0x000001fbf009c000 Exception <a 'java/lang/NoClassDefFoundError'{0x000000074e5f84f0}: org/slf4j/impl/StaticMarkerBinder> (0x000000074e5f84f0) thrown at [./src/hotspot/share/classfile/systemDictionary.cpp, line 220]
Event: 0.841 Thread 0x000001fbf009c000 Exception <a 'java/lang/NoSuchMethodError'{0x000000074e4926b8}: 'java.lang.Object java.lang.invoke.DirectMethodHandle$Holder.invokeVirtual(java.lang.Object, java.lang.Object, java.lang.Object, java.lang.Object, java.lang.Object)'> (0x000000074e4926b8) thrown at [./src/hotspot/share/interpreter/linkResolver.cpp, line 773]
Event: 0.965 Thread 0x000001fbf009c000 Exception <a 'java/lang/NoSuchMethodError'{0x000000074e0240f0}: 'java.lang.Object java.lang.invoke.Invokers$Holder.invoker(java.lang.Object, java.lang.Object, java.lang.Object, java.lang.Object, java.lang.Object)'> (0x000000074e0240f0) thrown at [./src/hotspot/share/interpreter/linkResolver.cpp, line 773]
Event: 0.968 Thread 0x000001fbf009c000 Exception <a 'java/lang/NoSuchMethodError'{0x000000074e034e58}: 'void java.lang.invoke.DelegatingMethodHandle$Holder.delegate(java.lang.Object, java.lang.Object, int, java.lang.Object)'> (0x000000074e034e58) thrown at [./src/hotspot/share/interpreter/linkResolver.cpp, line 773]
Event: 1.092 Thread 0x000001fbf009c000 Exception <a 'java/lang/NoSuchMethodError'{0x000000074f4a8d50}: 'java.lang.Object java.lang.invoke.DirectMethodHandle$Holder.invokeStaticInit(java.lang.Object, java.lang.Object, java.lang.Object)'> (0x000000074f4a8d50) thrown at [./src/hotspot/share/interpreter/linkResolver.cpp, line 773]
Event: 1.203 Thread 0x000001fbf009c000 Exception <a 'java/lang/NoSuchMethodError'{0x000000074f0b1518}: 'java.lang.Object java.lang.invoke.DirectMethodHandle$Holder.invokeStaticInit(java.lang.Object, int, int, int, int)'> (0x000000074f0b1518) thrown at [./src/hotspot/share/interpreter/linkResolver.cpp, line 773]
Event: 1.436 Thread 0x000001fbf009c000 Exception <a 'java/lang/NoSuchMethodError'{0x000000074ef87810}: 'java.lang.Object java.lang.invoke.DirectMethodHandle$Holder.invokeStaticInit(java.lang.Object, java.lang.Object, int, int, int, int)'> (0x000000074ef87810) thrown at [./src/hotspot/share/interpreter/linkResolver.cpp, line 773]

Events (20 events):
Event: 2.250 loading class jdk/internal/reflect/Label
Event: 2.250 loading class jdk/internal/reflect/Label done
Event: 2.250 loading class jdk/internal/reflect/Label$PatchInfo
Event: 2.250 loading class jdk/internal/reflect/Label$PatchInfo done
Event: 2.251 loading class jdk/internal/reflect/MethodAccessorGenerator$1
Event: 2.251 loading class jdk/internal/reflect/MethodAccessorGenerator$1 done
Event: 2.251 loading class jdk/internal/reflect/ClassDefiner
Event: 2.251 loading class jdk/internal/reflect/ClassDefiner done
Event: 2.251 loading class jdk/internal/reflect/ClassDefiner$1
Event: 2.251 loading class jdk/internal/reflect/ClassDefiner$1 done
Event: 4.843 loading class com/google/common/collect/CollectPreconditions
Event: 4.843 loading class com/google/common/collect/CollectPreconditions done
Event: 4.844 loading class org/gradle/internal/logging/events/StyledTextOutputEvent$Span
Event: 4.844 loading class org/gradle/internal/logging/events/StyledTextOutputEvent$Span done
Event: 4.844 loading class org/gradle/internal/logging/events/operations/StyledTextBuildOperationProgressDetails$Span
Event: 4.844 loading class org/gradle/internal/logging/events/operations/StyledTextBuildOperationProgressDetails$Span done
Event: 4.925 loading class org/gradle/internal/logging/text/AbstractLineChoppingStyledTextOutput$StateContext
Event: 4.925 loading class org/gradle/internal/logging/text/AbstractLineChoppingStyledTextOutput$StateContext done
Event: 12.334 Executing VM operation: RevokeBias
Event: 12.334 Executing VM operation: RevokeBias done


Dynamic libraries:
0x00007ff774020000 - 0x00007ff77402a000 	C:\Program Files\Android\Android Studio\jre\bin\java.exe
0x00007ffefc070000 - 0x00007ffefc284000 	C:\WINDOWS\SYSTEM32\ntdll.dll
0x00007ffefb530000 - 0x00007ffefb5f2000 	C:\WINDOWS\System32\KERNEL32.DLL
0x00007ffef94d0000 - 0x00007ffef986d000 	C:\WINDOWS\System32\KERNELBASE.dll
0x00007ffef9870000 - 0x00007ffef9981000 	C:\WINDOWS\System32\ucrtbase.dll
0x00007ffeeee10000 - 0x00007ffeeee29000 	C:\Program Files\Android\Android Studio\jre\bin\jli.dll
0x00007ffeecfb0000 - 0x00007ffeecfc7000 	C:\Program Files\Android\Android Studio\jre\bin\VCRUNTIME140.dll
0x00007ffefb790000 - 0x00007ffefb93a000 	C:\WINDOWS\System32\USER32.dll
0x00007ffef94a0000 - 0x00007ffef94c6000 	C:\WINDOWS\System32\win32u.dll
0x00007ffeda2c0000 - 0x00007ffeda54e000 	C:\WINDOWS\WinSxS\amd64_microsoft.windows.common-controls_6595b64144ccf1df_6.0.22621.608_none_a9444ca7c10bb01d\COMCTL32.dll
0x00007ffefb600000 - 0x00007ffefb629000 	C:\WINDOWS\System32\GDI32.dll
0x00007ffefab10000 - 0x00007ffefabb7000 	C:\WINDOWS\System32\msvcrt.dll
0x00007ffef9c30000 - 0x00007ffef9d42000 	C:\WINDOWS\System32\gdi32full.dll
0x00007ffef9d50000 - 0x00007ffef9dea000 	C:\WINDOWS\System32\msvcp_win.dll
0x00007ffefb750000 - 0x00007ffefb782000 	C:\WINDOWS\System32\IMM32.DLL
0x00007ffeaff20000 - 0x00007ffeaffbd000 	C:\Program Files\Android\Android Studio\jre\bin\msvcp140.dll
0x00007ffe61900000 - 0x00007ffe623e5000 	C:\Program Files\Android\Android Studio\jre\bin\server\jvm.dll
0x00007ffefbf80000 - 0x00007ffefc02e000 	C:\WINDOWS\System32\ADVAPI32.dll
0x00007ffefaa60000 - 0x00007ffefab04000 	C:\WINDOWS\System32\sechost.dll
0x00007ffefa7d0000 - 0x00007ffefa8e5000 	C:\WINDOWS\System32\RPCRT4.dll
0x00007ffefafc0000 - 0x00007ffefafc8000 	C:\WINDOWS\System32\PSAPI.DLL
0x00007ffedfbc0000 - 0x00007ffedfbc9000 	C:\WINDOWS\SYSTEM32\WSOCK32.dll
0x00007ffeee9e0000 - 0x00007ffeeea14000 	C:\WINDOWS\SYSTEM32\WINMM.dll
0x00007ffefaf40000 - 0x00007ffefafb1000 	C:\WINDOWS\System32\WS2_32.dll
0x00007ffeedf20000 - 0x00007ffeedf2a000 	C:\WINDOWS\SYSTEM32\VERSION.dll
0x00007ffef8600000 - 0x00007ffef8618000 	C:\WINDOWS\SYSTEM32\kernel.appcore.dll
0x00007ffef0d80000 - 0x00007ffef0d91000 	C:\Program Files\Android\Android Studio\jre\bin\verify.dll
0x00007ffef69e0000 - 0x00007ffef6c0e000 	C:\WINDOWS\SYSTEM32\DBGHELP.DLL
0x00007ffefafe0000 - 0x00007ffefb36a000 	C:\WINDOWS\System32\combase.dll
0x00007ffefacf0000 - 0x00007ffefadc7000 	C:\WINDOWS\System32\OLEAUT32.dll
0x00007ffeebf30000 - 0x00007ffeebf62000 	C:\WINDOWS\SYSTEM32\dbgcore.DLL
0x00007ffef9df0000 - 0x00007ffef9e6b000 	C:\WINDOWS\System32\bcryptPrimitives.dll
0x00007ffef0b40000 - 0x00007ffef0b69000 	C:\Program Files\Android\Android Studio\jre\bin\java.dll
0x00007ffef0d70000 - 0x00007ffef0d7b000 	C:\Program Files\Android\Android Studio\jre\bin\jimage.dll
0x00007ffef0b20000 - 0x00007ffef0b38000 	C:\Program Files\Android\Android Studio\jre\bin\zip.dll
0x00007ffef9ed0000 - 0x00007ffefa6b0000 	C:\WINDOWS\System32\SHELL32.dll
0x00007ffef74f0000 - 0x00007ffef7db5000 	C:\WINDOWS\SYSTEM32\windows.storage.dll
0x00007ffef73b0000 - 0x00007ffef74ee000 	C:\WINDOWS\SYSTEM32\wintypes.dll
0x00007ffefa6d0000 - 0x00007ffefa7c1000 	C:\WINDOWS\System32\SHCORE.dll
0x00007ffefaee0000 - 0x00007ffefaf3e000 	C:\WINDOWS\System32\shlwapi.dll
0x00007ffef93d0000 - 0x00007ffef93f1000 	C:\WINDOWS\SYSTEM32\profapi.dll
0x00007ffef0860000 - 0x00007ffef087a000 	C:\Program Files\Android\Android Studio\jre\bin\net.dll
0x00007ffef1400000 - 0x00007ffef152f000 	C:\WINDOWS\SYSTEM32\WINHTTP.dll
0x00007ffef8a60000 - 0x00007ffef8ac9000 	C:\WINDOWS\system32\mswsock.dll
0x00007ffeeee40000 - 0x00007ffeeee54000 	C:\Program Files\Android\Android Studio\jre\bin\nio.dll
0x00007ffedea70000 - 0x00007ffedea96000 	C:\Users\FAWAD KHAN\.gradle\native\fdc75f09e3144964f2cf3f50f0aa648679c211496f362492102eb8c894070792\windows-amd64\native-platform.dll
0x00007ffe6c3e0000 - 0x00007ffe6c571000 	C:\Users\FAWAD KHAN\.gradle\native\12488b8bf47d2d4c9fbf2f6322a914ad602e24e48041cd04a747c6da556b65c4\windows-amd64\native-platform-file-events.dll
0x00007ffef0b10000 - 0x00007ffef0b1a000 	C:\Program Files\Android\Android Studio\jre\bin\management.dll
0x00007ffef0850000 - 0x00007ffef085d000 	C:\Program Files\Android\Android Studio\jre\bin\management_ext.dll
0x00007ffef8ca0000 - 0x00007ffef8cbb000 	C:\WINDOWS\SYSTEM32\CRYPTSP.dll
0x00007ffef8570000 - 0x00007ffef85a5000 	C:\WINDOWS\system32\rsaenh.dll
0x00007ffef8b50000 - 0x00007ffef8b78000 	C:\WINDOWS\SYSTEM32\USERENV.dll
0x00007ffef8e40000 - 0x00007ffef8e68000 	C:\WINDOWS\SYSTEM32\bcrypt.dll
0x00007ffef8cc0000 - 0x00007ffef8ccc000 	C:\WINDOWS\SYSTEM32\CRYPTBASE.dll
0x00007ffef8080000 - 0x00007ffef80ad000 	C:\WINDOWS\SYSTEM32\IPHLPAPI.DLL
0x00007ffefaed0000 - 0x00007ffefaed9000 	C:\WINDOWS\System32\NSI.dll
0x00007ffef1020000 - 0x00007ffef1039000 	C:\WINDOWS\SYSTEM32\dhcpcsvc6.DLL
0x00007ffef1000000 - 0x00007ffef101f000 	C:\WINDOWS\SYSTEM32\dhcpcsvc.DLL
0x00007ffef80f0000 - 0x00007ffef81e2000 	C:\WINDOWS\SYSTEM32\DNSAPI.dll
0x00007ffef68f0000 - 0x00007ffef68fd000 	C:\WINDOWS\SYSTEM32\WINNSI.DLL

dbghelp: loaded successfully - version: 4.0.5 - missing functions: none
symbol engine: initialized successfully - sym options: 0x614 - pdb path: .;C:\Program Files\Android\Android Studio\jre\bin;C:\WINDOWS\SYSTEM32;C:\WINDOWS\WinSxS\amd64_microsoft.windows.common-controls_6595b64144ccf1df_6.0.22621.608_none_a9444ca7c10bb01d;C:\Program Files\Android\Android Studio\jre\bin\server;C:\Users\FAWAD KHAN\.gradle\native\fdc75f09e3144964f2cf3f50f0aa648679c211496f362492102eb8c894070792\windows-amd64;C:\Users\FAWAD KHAN\.gradle\native\12488b8bf47d2d4c9fbf2f6322a914ad602e24e48041cd04a747c6da556b65c4\windows-amd64

VM Arguments:
jvm_args: -Dorg.gradle.appname=gradlew 
java_command: org.gradle.wrapper.GradleWrapperMain -q -Ptarget-platform=android-arm64 -Ptarget=D:\FYP\fyp_flutter\lib\main.dart -Pbase-application-name=android.app.Application -Pdart-defines=Zmx1dHRlci5pbnNwZWN0b3Iuc3RydWN0dXJlZEVycm9ycz10cnVl,RkxVVFRFUl9XRUJfQVVUT19ERVRFQ1Q9dHJ1ZQ== -Pdart-obfuscation=false -Ptrack-widget-creation=true -Ptree-shake-icons=false -Pfilesystem-scheme=org-dartlang-root assembleDebug
java_class_path (initial): D:\FYP\fyp_flutter\android\\gradle\wrapper\gradle-wrapper.jar
Launcher Type: SUN_STANDARD

[Global flags]
     intx CICompilerCount                          = 4                                         {product} {ergonomic}
     uint ConcGCThreads                            = 2                                         {product} {ergonomic}
     uint G1ConcRefinementThreads                  = 8                                         {product} {ergonomic}
   size_t G1HeapRegionSize                         = 1048576                                   {product} {ergonomic}
    uintx GCDrainStackTargetSize                   = 64                                        {product} {ergonomic}
   size_t InitialHeapSize                          = 199229440                                 {product} {ergonomic}
   size_t MarkStackSize                            = 4194304                                   {product} {ergonomic}
   size_t MaxHeapSize                              = 3160408064                                {product} {ergonomic}
   size_t MaxNewSize                               = 1895825408                                {product} {ergonomic}
   size_t MinHeapDeltaBytes                        = 1048576                                   {product} {ergonomic}
    uintx NonNMethodCodeHeapSize                   = 5836300                                {pd product} {ergonomic}
    uintx NonProfiledCodeHeapSize                  = 122910970                              {pd product} {ergonomic}
    uintx ProfiledCodeHeapSize                     = 122910970                              {pd product} {ergonomic}
    uintx ReservedCodeCacheSize                    = 251658240                              {pd product} {ergonomic}
     bool SegmentedCodeCache                       = true                                      {product} {ergonomic}
     bool UseCompressedClassPointers               = true                                 {lp64_product} {ergonomic}
     bool UseCompressedOops                        = true                                 {lp64_product} {ergonomic}
     bool UseG1GC                                  = true                                      {product} {ergonomic}
     bool UseLargePagesIndividualAllocation        = false                                  {pd product} {ergonomic}

Logging:
Log output configuration:
 #0: stdout all=warning uptime,level,tags
 #1: stderr all=off uptime,level,tags

Environment Variables:
JAVA_HOME=C:\Program Files\Android\Android Studio\jre
CLASSPATH=D:\FYP\fyp_flutter\android\\gradle\wrapper\gradle-wrapper.jar
PATH=C:\Python311\Scripts\;C:\Python311\;C:\windows\system32;C:\windows;C:\windows\System32\Wbem;C:\windows\System32\WindowsPowerShell\v1.0\;C:\windows\System32\OpenSSH\;C:\Program Files (x86)\NVIDIA Corporation\PhysX\Common;C:\Program Files\NVIDIA Corporation\NVIDIA NvDLISR;C:\Program Files\Polyspace\R2020a\runtime\win64;C:\Program Files\Polyspace\R2020a\bin;C:\Program Files\Polyspace\R2020a\polyspace\bin;C:\WINDOWS\system32;C:\WINDOWS;C:\WINDOWS\System32\Wbem;C:\WINDOWS\System32\WindowsPowerShell\v1.0\;C:\WINDOWS\System32\OpenSSH\;C:\Program Files\Git\cmd;C:\xampp\php;C:\composer;C:\Program Files\nodejs\;C:\ProgramData\chocolatey\bin;C:\Users\FAWAD KHAN\AppData\Local\Pub\Cache\bin;C:\Users\FAWAD KHAN\AppData\Local\Programs\Microsoft VS Code\bin;C:\Modeltech_5.7f\win32;C:\Program Files (x86)\SDCC\bin;C:\src\flutter\bin;C:\Users\FAWAD KHAN\AppData\Roaming\Composer\vendor\bin;C:\Users\FAWAD KHAN\AppData\Local\Programs\Python\Python310\;C:\Users\FAWAD KHAN\AppData\Local\Programs\Python\Python310\Scripts\;C:\Users\FAWAD KHAN\AppData\Local\Microsoft\WindowsApps;C:\Users\FAWAD KHAN\AppData\Roaming\npm;C:\Users\FAWAD KHAN\AppData\Local\Pub\Cache\bin;C:\Users\FAWAD KHAN\AppData\Local\Pub\Cache\bin;;C:\src\flutter\bin\mingit\cmd
USERNAME=FAWAD KHAN
OS=Windows_NT
PROCESSOR_IDENTIFIER=Intel64 Family 6 Model 140 Stepping 1, GenuineIntel



---------------  S Y S T E M  ---------------

OS: Windows 10 , 64 bit Build 22621 (10.0.22621.755)
OS uptime: 16 days 14:29 hours

CPU:total 8 (initial active 8) (4 cores per cpu, 2 threads per core) family 6 model 140 stepping 1 microcode 0x9a, cmov, cx8, fxsr, mmx, sse, sse2, sse3, ssse3, sse4.1, sse4.2, popcnt, avx, avx2, aes, clmul, erms, 3dnowpref, lzcnt, ht, tsc, tscinvbit, bmi1, bmi2, adx, evex, sha, fma

Memory: 4k page, system-wide physical 12053M (583M free)
TotalPageFile size 36902M (AvailPageFile size 140M)
current process WorkingSet (physical memory assigned to process): 94M, peak: 97M
current process commit charge ("private bytes"): 289M, peak: 291M

vm_info: OpenJDK 64-Bit Server VM (11.0.12+7-b1504.28-7817840) for windows-amd64 JRE (11.0.12+7-b1504.28-7817840), built on Oct 13 2021 22:12:33 by "builder" with MS VC++ 14.0 (VS2015)

END.
